<?xml version="1.0" encoding="UTF-8"?>
<testng-results skipped="0" failed="0" ignored="0" total="1" passed="1">
  <reporter-output>
  </reporter-output>
  <suite name="Surefire suite" duration-ms="1851" started-at="2018-09-19T03:57:19Z" finished-at="2018-09-19T03:57:21Z">
    <groups>
    </groups>
    <test name="Surefire test" duration-ms="1851" started-at="2018-09-19T03:57:19Z" finished-at="2018-09-19T03:57:21Z">
      <class name="com.easybix.RestAssuredCore.LoginTest">
        <test-method status="PASS" signature="doLogin()[pri:0, instance:com.easybix.RestAssuredCore.LoginTest@457e2f02]" name="doLogin" duration-ms="1830" started-at="2018-09-19T03:57:19Z" finished-at="2018-09-19T03:57:21Z">
          <reporter-output>
          </reporter-output>
        </test-method> <!-- doLogin -->
      </class> <!-- com.easybix.RestAssuredCore.LoginTest -->
    </test> <!-- Surefire test -->
  </suite> <!-- Surefire suite -->
</testng-results>
