<?xml version="1.0" encoding="UTF-8"?>
<testng-results skipped="0" failed="0" ignored="0" total="1" passed="1">
  <reporter-output>
  </reporter-output>
  <suite name="Suite" duration-ms="1992" started-at="2018-09-19T02:41:27Z" finished-at="2018-09-19T02:41:29Z">
    <groups>
    </groups>
    <test name="Test" duration-ms="1992" started-at="2018-09-19T02:41:27Z" finished-at="2018-09-19T02:41:29Z">
      <class name="com.easybix.RestAssuredCore.LoginTest">
        <test-method status="PASS" signature="doLogin()[pri:0, instance:com.easybix.RestAssuredCore.LoginTest@61832929]" name="doLogin" duration-ms="1967" started-at="2018-09-19T02:41:27Z" finished-at="2018-09-19T02:41:29Z">
          <reporter-output>
          </reporter-output>
        </test-method> <!-- doLogin -->
      </class> <!-- com.easybix.RestAssuredCore.LoginTest -->
    </test> <!-- Test -->
  </suite> <!-- Suite -->
</testng-results>
